<?xml version="1.0" encoding="UTF-8"?>
<testsuite name="getById" tests="2" skipped="0" failures="0" errors="0" timestamp="2026-02-09T22:30:11" hostname="RubenS" time="1.677">
  <properties/>
  <testcase name="devuelve_Optional_con_pedido_cuando_existe()" classname="com.example.management.application.services.OrderApplicationServiceTest$GetById" time="1.659"/>
  <testcase name="devuelve_Optional_vacio_cuando_no_existe()" classname="com.example.management.application.services.OrderApplicationServiceTest$GetById" time="0.012"/>
  <system-out><![CDATA[]]></system-out>
  <system-err><![CDATA[]]></system-err>
</testsuite>
