<?xml version="1.0" encoding="UTF-8"?>
<testsuite name="com.example.management.infrastructure.adapters.out.persistence.OrderJpaAdapterTest" tests="2" skipped="0" failures="0" errors="0" timestamp="2026-02-09T22:22:39" hostname="RubenS" time="1.035">
  <properties/>
  <testcase name="findById_returns_empty_when_not_found()" classname="com.example.management.infrastructure.adapters.out.persistence.OrderJpaAdapterTest" time="0.915"/>
  <testcase name="save_and_findById_returns_saved_order()" classname="com.example.management.infrastructure.adapters.out.persistence.OrderJpaAdapterTest" time="0.117"/>
  <system-out><![CDATA[17:22:33.366 [Test worker] INFO org.springframework.test.context.support.AnnotationConfigContextLoaderUtils -- Could not detect default configuration classes for test class [com.example.management.infrastructure.adapters.out.persistence.OrderJpaAdapterTest]: OrderJpaAdapterTest does not declare any static, non-private, non-final, nested classes annotated with @Configuration.
17:22:33.727 [Test worker] INFO org.springframework.boot.test.context.SpringBootTestContextBootstrapper -- Found @SpringBootConfiguration com.example.management.ManagementApplication for test class com.example.management.infrastructure.adapters.out.persistence.OrderJpaAdapterTest

  .   ____          _            __ _ _
 /\\ / ___'_ __ _ _(_)_ __  __ _ \ \ \ \
( ( )\___ | '_ | '_| | '_ \/ _` | \ \ \ \
 \\/  ___)| |_)| | | | | || (_| |  ) ) ) )
  '  |____| .__|_| |_|_| |_\__, | / / / /
 =========|_|==============|___/=/_/_/_/
 :: Spring Boot ::                (v3.2.0)

2026-02-09T17:22:34.492-05:00  INFO 58553 --- [management] [    Test worker] c.e.m.i.a.o.p.OrderJpaAdapterTest        : Starting OrderJpaAdapterTest using Java 17.0.18 with PID 58553 (started by root in /root/agent_code_generator/workspaces/order_management_workspace/order-management_v17)
2026-02-09T17:22:34.495-05:00  INFO 58553 --- [management] [    Test worker] c.e.m.i.a.o.p.OrderJpaAdapterTest        : The following 1 profile is active: "test"
2026-02-09T17:22:35.292-05:00  INFO 58553 --- [management] [    Test worker] .s.d.r.c.RepositoryConfigurationDelegate : Bootstrapping Spring Data JPA repositories in DEFAULT mode.
2026-02-09T17:22:35.443-05:00  INFO 58553 --- [management] [    Test worker] .s.d.r.c.RepositoryConfigurationDelegate : Finished Spring Data repository scanning in 128 ms. Found 1 JPA repository interface.
2026-02-09T17:22:35.545-05:00  INFO 58553 --- [management] [    Test worker] beddedDataSourceBeanFactoryPostProcessor : Replacing 'dataSource' DataSource bean with embedded version
2026-02-09T17:22:35.873-05:00  INFO 58553 --- [management] [    Test worker] o.s.j.d.e.EmbeddedDatabaseFactory        : Starting embedded database: url='jdbc:h2:mem:26a78f74-3f0b-413d-8f7b-5b13eb5416d5;DB_CLOSE_DELAY=-1;DB_CLOSE_ON_EXIT=false', username='sa'
2026-02-09T17:22:36.397-05:00  INFO 58553 --- [management] [    Test worker] o.hibernate.jpa.internal.util.LogHelper  : HHH000204: Processing PersistenceUnitInfo [name: default]
2026-02-09T17:22:36.536-05:00  INFO 58553 --- [management] [    Test worker] org.hibernate.Version                    : HHH000412: Hibernate ORM core version 6.3.1.Final
2026-02-09T17:22:36.611-05:00  INFO 58553 --- [management] [    Test worker] o.h.c.internal.RegionFactoryInitiator    : HHH000026: Second-level cache disabled
2026-02-09T17:22:37.144-05:00  INFO 58553 --- [management] [    Test worker] o.s.o.j.p.SpringPersistenceUnitInfo      : No LoadTimeWeaver setup: ignoring JPA class transformer
2026-02-09T17:22:38.864-05:00  INFO 58553 --- [management] [    Test worker] o.h.e.t.j.p.i.JtaPlatformInitiator       : HHH000489: No JTA platform available (set 'hibernate.transaction.jta.platform' to enable JTA platform integration)
Hibernate: drop table if exists order_lines cascade 
Hibernate: drop table if exists orders cascade 
Hibernate: create table order_lines (quantity integer not null, unit_price numeric(19,4) not null, pk bigint generated by default as identity, order_id varchar(255) not null, product_id varchar(255) not null, primary key (pk))
Hibernate: create table orders (customer_id varchar(255) not null, id varchar(255) not null, status varchar(255) not null check (status in ('DRAFT','CONFIRMED','SHIPPED','CANCELLED')), primary key (id))
Hibernate: alter table if exists order_lines add constraint FK1smc0s578t2oih21yn9hw6usr foreign key (order_id) references orders
2026-02-09T17:22:38.967-05:00  INFO 58553 --- [management] [    Test worker] j.LocalContainerEntityManagerFactoryBean : Initialized JPA EntityManagerFactory for persistence unit 'default'
2026-02-09T17:22:39.825-05:00  INFO 58553 --- [management] [    Test worker] c.e.m.i.a.o.p.OrderJpaAdapterTest        : Started OrderJpaAdapterTest in 5.939 seconds (process running for 8.379)
Hibernate: select oe1_0.id,oe1_0.customer_id,oe1_0.status from orders oe1_0 where oe1_0.id=?
Hibernate: select oe1_0.id,oe1_0.customer_id,oe1_0.status,l1_0.order_id,l1_0.pk,l1_0.product_id,l1_0.quantity,l1_0.unit_price from orders oe1_0 left join order_lines l1_0 on oe1_0.id=l1_0.order_id where oe1_0.id=?
Hibernate: insert into orders (customer_id,status,id) values (?,?,?)
Hibernate: insert into order_lines (order_id,product_id,quantity,unit_price,pk) values (?,?,?,?,default)
Hibernate: insert into order_lines (order_id,product_id,quantity,unit_price,pk) values (?,?,?,?,default)
]]></system-out>
  <system-err><![CDATA[]]></system-err>
</testsuite>
