<?xml version="1.0" encoding="UTF-8"?>
<testsuite name="com.example.management.infrastructure.adapters.out.persistence.OrderJpaAdapterTest" tests="2" skipped="0" failures="0" errors="0" timestamp="2026-02-09T22:30:21" hostname="RubenS" time="0.409">
  <properties/>
  <testcase name="findById_returns_empty_when_not_found()" classname="com.example.management.infrastructure.adapters.out.persistence.OrderJpaAdapterTest" time="0.226"/>
  <testcase name="save_and_findById_returns_saved_order()" classname="com.example.management.infrastructure.adapters.out.persistence.OrderJpaAdapterTest" time="0.178"/>
  <system-out><![CDATA[2026-02-09T17:30:17.771-05:00  INFO 62514 --- [management] [    Test worker] t.c.s.AnnotationConfigContextLoaderUtils : Could not detect default configuration classes for test class [com.example.management.infrastructure.adapters.out.persistence.OrderJpaAdapterTest]: OrderJpaAdapterTest does not declare any static, non-private, non-final, nested classes annotated with @Configuration.
2026-02-09T17:30:17.891-05:00  INFO 62514 --- [management] [    Test worker] .b.t.c.SpringBootTestContextBootstrapper : Found @SpringBootConfiguration com.example.management.ManagementApplication for test class com.example.management.infrastructure.adapters.out.persistence.OrderJpaAdapterTest

  .   ____          _            __ _ _
 /\\ / ___'_ __ _ _(_)_ __  __ _ \ \ \ \
( ( )\___ | '_ | '_| | '_ \/ _` | \ \ \ \
 \\/  ___)| |_)| | | | | || (_| |  ) ) ) )
  '  |____| .__|_| |_|_| |_\__, | / / / /
 =========|_|==============|___/=/_/_/_/
 :: Spring Boot ::                (v3.2.0)

2026-02-09T17:30:17.973-05:00  INFO 62514 --- [management] [    Test worker] c.e.m.i.a.o.p.OrderJpaAdapterTest        : Starting OrderJpaAdapterTest using Java 17.0.18 with PID 62514 (started by root in /root/agent_code_generator/workspaces/order_management_workspace/order-management_v17)
2026-02-09T17:30:17.975-05:00  INFO 62514 --- [management] [    Test worker] c.e.m.i.a.o.p.OrderJpaAdapterTest        : The following 1 profile is active: "test"
2026-02-09T17:30:18.314-05:00  INFO 62514 --- [management] [    Test worker] .s.d.r.c.RepositoryConfigurationDelegate : Bootstrapping Spring Data JPA repositories in DEFAULT mode.
2026-02-09T17:30:18.403-05:00  INFO 62514 --- [management] [    Test worker] .s.d.r.c.RepositoryConfigurationDelegate : Finished Spring Data repository scanning in 69 ms. Found 1 JPA repository interface.
2026-02-09T17:30:18.480-05:00  INFO 62514 --- [management] [    Test worker] beddedDataSourceBeanFactoryPostProcessor : Replacing 'dataSource' DataSource bean with embedded version
2026-02-09T17:30:18.589-05:00  INFO 62514 --- [management] [    Test worker] o.s.j.d.e.EmbeddedDatabaseFactory        : Starting embedded database: url='jdbc:h2:mem:7de45c69-f5d1-4a87-aba3-bdf2b023913b;DB_CLOSE_DELAY=-1;DB_CLOSE_ON_EXIT=false', username='sa'
2026-02-09T17:30:18.999-05:00  INFO 62514 --- [management] [    Test worker] o.hibernate.jpa.internal.util.LogHelper  : HHH000204: Processing PersistenceUnitInfo [name: default]
2026-02-09T17:30:19.097-05:00  INFO 62514 --- [management] [    Test worker] org.hibernate.Version                    : HHH000412: Hibernate ORM core version 6.3.1.Final
2026-02-09T17:30:19.166-05:00  INFO 62514 --- [management] [    Test worker] o.h.c.internal.RegionFactoryInitiator    : HHH000026: Second-level cache disabled
2026-02-09T17:30:19.374-05:00  INFO 62514 --- [management] [    Test worker] o.s.o.j.p.SpringPersistenceUnitInfo      : No LoadTimeWeaver setup: ignoring JPA class transformer
2026-02-09T17:30:20.375-05:00  INFO 62514 --- [management] [    Test worker] o.h.e.t.j.p.i.JtaPlatformInitiator       : HHH000489: No JTA platform available (set 'hibernate.transaction.jta.platform' to enable JTA platform integration)
Hibernate: drop table if exists order_lines cascade 
Hibernate: drop table if exists orders cascade 
Hibernate: create table order_lines (quantity integer not null, unit_price numeric(19,4) not null, pk bigint generated by default as identity, order_id varchar(255) not null, product_id varchar(255) not null, primary key (pk))
Hibernate: create table orders (customer_id varchar(255) not null, id varchar(255) not null, status varchar(255) not null check (status in ('DRAFT','CONFIRMED','SHIPPED','CANCELLED')), primary key (id))
Hibernate: alter table if exists order_lines add constraint FK1smc0s578t2oih21yn9hw6usr foreign key (order_id) references orders
2026-02-09T17:30:20.443-05:00  INFO 62514 --- [management] [    Test worker] j.LocalContainerEntityManagerFactoryBean : Initialized JPA EntityManagerFactory for persistence unit 'default'
2026-02-09T17:30:20.955-05:00  INFO 62514 --- [management] [    Test worker] o.s.d.j.r.query.QueryEnhancerFactory     : Hibernate is in classpath; If applicable, HQL parser will be used.
2026-02-09T17:30:21.772-05:00  INFO 62514 --- [management] [    Test worker] c.e.m.i.a.o.p.OrderJpaAdapterTest        : Started OrderJpaAdapterTest in 3.873 seconds (process running for 11.425)
Hibernate: select oe1_0.id,oe1_0.customer_id,l1_0.order_id,l1_0.pk,l1_0.product_id,l1_0.quantity,l1_0.unit_price,oe1_0.status from orders oe1_0 left join order_lines l1_0 on oe1_0.id=l1_0.order_id where oe1_0.id=?
Hibernate: select oe1_0.id,oe1_0.customer_id,oe1_0.status,l1_0.order_id,l1_0.pk,l1_0.product_id,l1_0.quantity,l1_0.unit_price from orders oe1_0 left join order_lines l1_0 on oe1_0.id=l1_0.order_id where oe1_0.id=?
Hibernate: insert into orders (customer_id,status,id) values (?,?,?)
Hibernate: insert into order_lines (order_id,product_id,quantity,unit_price,pk) values (?,?,?,?,default)
Hibernate: insert into order_lines (order_id,product_id,quantity,unit_price,pk) values (?,?,?,?,default)
Hibernate: select oe1_0.id,oe1_0.customer_id,l1_0.order_id,l1_0.pk,l1_0.product_id,l1_0.quantity,l1_0.unit_price,oe1_0.status from orders oe1_0 left join order_lines l1_0 on oe1_0.id=l1_0.order_id where oe1_0.id=?
]]></system-out>
  <system-err><![CDATA[]]></system-err>
</testsuite>
