<?xml version="1.0" encoding="UTF-8"?>
<testsuite name="construcción válida" tests="2" skipped="0" failures="0" errors="0" timestamp="2026-02-09T22:30:13" hostname="RubenS" time="0.006">
  <properties/>
  <testcase name="crea_pedido_con_lineas_y_total_calculado()" classname="com.example.management.domain.model.OrderTest$ValidConstruction" time="0.002"/>
  <testcase name="total_es_suma_de_totales_de_lineas()" classname="com.example.management.domain.model.OrderTest$ValidConstruction" time="0.001"/>
  <system-out><![CDATA[]]></system-out>
  <system-err><![CDATA[]]></system-err>
</testsuite>
